Sass is watching for changes. Press Ctrl-C to stop.

[2025-12-27 09:59:54] Compiled style/style.scss to style/style.css.
[2025-12-27 10:00:07] Compiled style/style.scss to style/style.css.
[2025-12-27 10:00:46] Compiled style/style.scss to style/style.css.
Error: 100% and 20px have incompatible units.
   ╷
50 │         width: 100% - 20px;
   │                ^^^^^^^^^^^
   ╵
  style/style.scss 50:16  @content
  style/style.scss 3:5    media-mobile()
  style/style.scss 49:7   root stylesheet
[2025-12-27 10:01:32] Compiled style/style.scss to style/style.css.
[2025-12-27 10:01:46] Compiled style/style.scss to style/style.css.
[2025-12-27 10:01:57] Compiled style/style.scss to style/style.css.
[2025-12-27 10:02:00] Compiled style/style.scss to style/style.css.
[2025-12-27 10:02:26] Compiled style/style.scss to style/style.css.
[2025-12-27 10:02:32] Compiled style/style.scss to style/style.css.
[2025-12-27 10:02:43] Compiled style/style.scss to style/style.css.
[2025-12-27 10:02:49] Compiled style/style.scss to style/style.css.
[2025-12-27 10:03:13] Compiled style/style.scss to style/style.css.
[2025-12-27 10:03:28] Compiled style/style.scss to style/style.css.
[2025-12-27 10:03:31] Compiled style/style.scss to style/style.css.
[2025-12-27 10:03:42] Compiled style/style.scss to style/style.css.
[2025-12-27 10:04:05] Compiled style/style.scss to style/style.css.
[2025-12-27 10:04:08] Compiled style/style.scss to style/style.css.
[2025-12-27 10:04:30] Compiled style/style.scss to style/style.css.
[2025-12-27 10:06:48] Compiled style/style.scss to style/style.css.
[2025-12-27 10:07:22] Compiled style/style.scss to style/style.css.
[2025-12-27 10:08:10] Compiled style/style.scss to style/style.css.
[2025-12-27 10:08:14] Compiled style/style.scss to style/style.css.
[2025-12-27 10:09:15] Compiled style/style.scss to style/style.css.
[2025-12-27 10:09:41] Compiled style/style.scss to style/style.css.
[2025-12-27 10:10:30] Compiled style/style.scss to style/style.css.
[2025-12-27 10:10:58] Compiled style/style.scss to style/style.css.
[2025-12-27 10:11:04] Compiled style/style.scss to style/style.css.
[2025-12-27 10:11:10] Compiled style/style.scss to style/style.css.
[2025-12-27 10:11:18] Compiled style/style.scss to style/style.css.
[2025-12-27 10:11:49] Compiled style/style.scss to style/style.css.
[2025-12-27 10:12:01] Compiled style/style.scss to style/style.css.
[2025-12-27 10:12:18] Compiled style/style.scss to style/style.css.
[2025-12-27 10:12:34] Compiled style/style.scss to style/style.css.
[2025-12-27 10:13:03] Compiled style/style.scss to style/style.css.
[2025-12-27 10:14:20] Compiled style/style.scss to style/style.css.
[2025-12-27 10:14:30] Compiled style/style.scss to style/style.css.
